C51 COMPILER V9.60.7.0   MAIN                                                              01/05/2024 21:19:50 PAGE 1   


C51 COMPILER V9.60.7.0, COMPILATION OF MODULE MAIN
OBJECT MODULE PLACED IN .\Objects\main.obj
COMPILER INVOKED BY: C:\Keil_v5\C51\BIN\C51.EXE src\main.c LARGE OPTIMIZE(8,SPEED) BROWSE INCDIR(./src/inc) DEBUG OBJECT
                    -EXTEND PRINT(.\Listings\main.lst) OBJECT(.\Objects\main.obj)

line level    source

   1          #include "gui.h"
   2          
   3          static const char buf[10] = {0};
   4          static uint8_t cnt = 0;
   5          void main() {
   6   1          P_SW2 |= 0x80;  // 使能EAXFR寄存器 XFR
   7   1          hal_init_gpio();
   8   1          delay_ms(500);
   9   1          vfd_gui_init();
  10   1          vfd_gui_set_blk_level(7);
  11   1          while (1) {
  12   2              memset(buf, 0, sizeof(buf));
  13   2              if (cnt >= 10) {
  14   3                  cnt = 0;
  15   3              }
  16   2              // if(cnt == 5){ //可选停止供电2秒再次开启供电
  17   2              //     VFD_EN = 0;
  18   2              //     delay_ms(2000);
  19   2              //     VFD_EN = 1;
  20   2              // }
  21   2              sprintf(buf, "%bd%bd%bd%bd%bd%bd%bd%bd%bd", cnt, cnt, cnt, cnt, cnt,
  22   2                      cnt, cnt, cnt, cnt);
  23   2              vfd_gui_set_text(buf, 0, 0);
  24   2              cnt++;
  25   2              delay_ms(300);
  26   2          }
  27   1      }


MODULE INFORMATION:   STATIC OVERLAYABLE
   CODE SIZE        =    134    ----
   CONSTANT SIZE    =     28    ----
   XDATA SIZE       =     11    ----
   PDATA SIZE       =   ----    ----
   DATA SIZE        =   ----    ----
   IDATA SIZE       =   ----    ----
   BIT SIZE         =   ----    ----
END OF MODULE INFORMATION.


C51 COMPILATION COMPLETE.  0 WARNING(S),  0 ERROR(S)
